Using pre-set license
Built from '2020.3/release' branch; Version is '2020.3.12f1 (b3b2c6512326) revision 11776710'; Using compiler version '192528614'; Build Type 'Release'
OS: 'Windows 10 Pro; OS build 19044.2604; Version 2009; 64bit' Language: 'en' Physical Memory: 7989 MB
BatchMode: 1, IsHumanControllingUs: 0, StartBugReporterOnCrash: 0, Is64bit: 1, IsPro: 0

 COMMAND LINE ARGUMENTS:
C:\Program Files\Unity\Hub\Editor\2020.3.12f1\Editor\Unity.exe
-adb2
-batchMode
-noUpm
-name
AssetImportWorker0
-projectPath
C:/Users/Ninja33/Documents/GitHub/ninjaRunPY/ninjaRunPY-AK
-logFile
Logs/AssetImportWorker0.log
-srvPort
50227
Successfully changed project path to: C:/Users/Ninja33/Documents/GitHub/ninjaRunPY/ninjaRunPY-AK
C:/Users/Ninja33/Documents/GitHub/ninjaRunPY/ninjaRunPY-AK
Using Asset Import Pipeline V2.
Refreshing native plugins compatible for Editor in 93.79 ms, found 2 plugins.
Preloading 0 native plugins for Editor in 0.00 ms.
Initialize engine version: 2020.3.12f1 (b3b2c6512326)
[Subsystems] Discovering subsystems at path C:/Program Files/Unity/Hub/Editor/2020.3.12f1/Editor/Data/Resources/UnitySubsystems
[Subsystems] Discovering subsystems at path C:/Users/Ninja33/Documents/GitHub/ninjaRunPY/ninjaRunPY-AK/Assets
GfxDevice: creating device client; threaded=0
Direct3D:
    Version:  Direct3D 11.0 [level 10.0]
    Renderer: Intel(R) HD Graphics (ID=0x46)
    Vendor:   
    VRAM:     128 MB
    Driver:   8.15.10.2900
Initialize mono
Mono path[0] = 'C:/Program Files/Unity/Hub/Editor/2020.3.12f1/Editor/Data/Managed'
Mono path[1] = 'C:/Program Files/Unity/Hub/Editor/2020.3.12f1/Editor/Data/MonoBleedingEdge/lib/mono/unityjit'
Mono config path = 'C:/Program Files/Unity/Hub/Editor/2020.3.12f1/Editor/Data/MonoBleedingEdge/etc'
Using monoOptions --debugger-agent=transport=dt_socket,embedding=1,server=y,suspend=n,address=127.0.0.1:56096
Begin MonoManager ReloadAssembly
Registering precompiled unity dll's ...
Register platform support module: C:/Program Files/Unity/Hub/Editor/2020.3.12f1/Editor/Data/PlaybackEngines/WindowsStandaloneSupport/UnityEditor.WindowsStandalone.Extensions.dll
Registered in 0.004790 seconds.
Native extension for WindowsStandalone target not found
Refreshing native plugins compatible for Editor in 69.57 ms, found 2 plugins.
Preloading 0 native plugins for Editor in 0.00 ms.
Mono: successfully reloaded assembly
- Completed reload, in  2.453 seconds
Platform modules already initialized, skipping
Registering precompiled user dll's ...
Registered in 0.009371 seconds.
Begin MonoManager ReloadAssembly
Native extension for WindowsStandalone target not found
Refreshing native plugins compatible for Editor in 0.79 ms, found 2 plugins.
Preloading 0 native plugins for Editor in 0.00 ms.
Mono: successfully reloaded assembly
- Completed reload, in  2.431 seconds
Platform modules already initialized, skipping
========================================================================
Worker process is ready to serve import requests
Launched and connected shader compiler UnityShaderCompiler.exe after 0.10 seconds
Refreshing native plugins compatible for Editor in 0.77 ms, found 2 plugins.
Preloading 0 native plugins for Editor in 0.00 ms.
Unloading 1393 Unused Serialized files (Serialized files now loaded: 0)
System memory in use before: 64.9 MB.
System memory in use after: 64.9 MB.

Unloading 19 unused Assets to reduce memory usage. Loaded Objects now: 1825.
Total: 4.648200 ms (FindLiveObjects: 0.316600 ms CreateObjectMapping: 0.108000 ms MarkObjects: 4.032300 ms  DeleteObjects: 0.187500 ms)

AssetImportParameters requested are different than current active one (requested -> active):
  custom:framework-win-MediaFoundation: 216162199b28c13a410421893ffa2e32 -> 
  custom:video-decoder-ogg-theora: a1e56fd34408186e4bbccfd4996cb3dc -> 
  custom:container-muxer-webm: aa71ff27fc2769a1b78a27578f13a17b -> 
  custom:container-demuxer-webm: 4f35f7cbe854078d1ac9338744f61a02 -> 
  custom:container-demuxer-ogg: 62fdf1f143b41e24485cea50d1cbac27 -> 
  custom:video-encoder-webm-vp8: eb34c28f22e8b96e1ab97ce403110664 -> 
  custom:video-decoder-webm-vp8: 9c59270c3fd7afecdb556c50c9e8de78 -> 
  custom:audio-decoder-ogg-vorbis: bf7c407c2cedff20999df2af8eb42d56 -> 
  custom:audio-encoder-webm-vorbis: bf7c407c2cedff20999df2af8eb42d56 -> 
========================================================================
Received Import Request.
  path: Assets/Scenes/FindTheExit.unity
  artifactKey: Guid(22c8553cd79e40b4c910741a9340f4c6) Importer(815301076,1909f56bfc062723c751e8b465ee728b)
Start importing Assets/Scenes/FindTheExit.unity using Guid(22c8553cd79e40b4c910741a9340f4c6) Importer(815301076,1909f56bfc062723c751e8b465ee728b)  -> (artifact id: 'cd450c24a547342769ecb9f806eaee72') in 0.036081 seconds 
  Import took 0.043936 seconds .

========================================================================
Received Import Request.
  Time since last request: 0.000412 seconds.
  path: Assets/Scenes
  artifactKey: Guid(515b132ae5935fd4b98a7cbacb295b00) Importer(815301076,1909f56bfc062723c751e8b465ee728b)
Start importing Assets/Scenes using Guid(515b132ae5935fd4b98a7cbacb295b00) Importer(815301076,1909f56bfc062723c751e8b465ee728b)  -> (artifact id: 'a7b37eefbea8f186025eaf01c04f3067') in 0.013187 seconds 
  Import took 0.019604 seconds .

========================================================================
Received Import Request.
  Time since last request: 0.185335 seconds.
  path: Assets/Scenes/FindTheExit.unity
  artifactKey: Guid(22c8553cd79e40b4c910741a9340f4c6) Importer(815301076,1909f56bfc062723c751e8b465ee728b)
Start importing Assets/Scenes/FindTheExit.unity using Guid(22c8553cd79e40b4c910741a9340f4c6) Importer(815301076,1909f56bfc062723c751e8b465ee728b)  -> (artifact id: 'cd450c24a547342769ecb9f806eaee72') in 0.474046 seconds 
  Import took 0.490763 seconds .

========================================================================
Received Prepare
Registering precompiled user dll's ...
Registered in 0.008477 seconds.
Begin MonoManager ReloadAssembly
Native extension for WindowsStandalone target not found
Refreshing native plugins compatible for Editor in 1.05 ms, found 2 plugins.
Preloading 0 native plugins for Editor in 0.00 ms.
Mono: successfully reloaded assembly
- Completed reload, in  4.921 seconds
Platform modules already initialized, skipping
Refreshing native plugins compatible for Editor in 0.81 ms, found 2 plugins.
Preloading 0 native plugins for Editor in 0.00 ms.
Unloading 1389 Unused Serialized files (Serialized files now loaded: 0)
System memory in use before: 64.9 MB.
System memory in use after: 64.9 MB.

Unloading 14 unused Assets to reduce memory usage. Loaded Objects now: 1829.
Total: 15.114100 ms (FindLiveObjects: 0.690200 ms CreateObjectMapping: 0.248400 ms MarkObjects: 13.959800 ms  DeleteObjects: 0.209900 ms)

AssetImportParameters requested are different than current active one (requested -> active):
  custom:framework-win-MediaFoundation: 216162199b28c13a410421893ffa2e32 -> 
  custom:video-decoder-ogg-theora: a1e56fd34408186e4bbccfd4996cb3dc -> 
  custom:container-muxer-webm: aa71ff27fc2769a1b78a27578f13a17b -> 
  custom:container-demuxer-webm: 4f35f7cbe854078d1ac9338744f61a02 -> 
  custom:container-demuxer-ogg: 62fdf1f143b41e24485cea50d1cbac27 -> 
  custom:video-encoder-webm-vp8: eb34c28f22e8b96e1ab97ce403110664 -> 
  custom:video-decoder-webm-vp8: 9c59270c3fd7afecdb556c50c9e8de78 -> 
  custom:audio-decoder-ogg-vorbis: bf7c407c2cedff20999df2af8eb42d56 -> 
  custom:audio-encoder-webm-vorbis: bf7c407c2cedff20999df2af8eb42d56 -> 
========================================================================
Received Import Request.
  Time since last request: 86.154908 seconds.
  path: Assets/FX/JMO Assets/CFX_MagicPoof.prefab
  artifactKey: Guid(a40b64bf23366dc42a892af2c6ff6140) Importer(815301076,1909f56bfc062723c751e8b465ee728b)
Start importing Assets/FX/JMO Assets/CFX_MagicPoof.prefab using Guid(a40b64bf23366dc42a892af2c6ff6140) Importer(815301076,1909f56bfc062723c751e8b465ee728b)  -> (artifact id: '6caf5df15c990192d4148a43e3b39c73') in 0.112632 seconds 
  Import took 0.120902 seconds .

========================================================================
Received Import Request.
  Time since last request: 0.000425 seconds.
  path: Assets/Prefabs/gem.prefab
  artifactKey: Guid(050efd230c4094246b4f2c6039b362e7) Importer(815301076,1909f56bfc062723c751e8b465ee728b)
Start importing Assets/Prefabs/gem.prefab using Guid(050efd230c4094246b4f2c6039b362e7) Importer(815301076,1909f56bfc062723c751e8b465ee728b)  -> (artifact id: '22fe365d09f0ea5a1fbc1ca248e69245') in 0.020845 seconds 
  Import took 0.029263 seconds .

========================================================================
Received Import Request.
  Time since last request: 0.000492 seconds.
  path: Assets/Prefabs/CFX_MagicPoof.prefab
  artifactKey: Guid(3265c07d5c8b9064792b752e584fbe35) Importer(815301076,1909f56bfc062723c751e8b465ee728b)
Start importing Assets/Prefabs/CFX_MagicPoof.prefab using Guid(3265c07d5c8b9064792b752e584fbe35) Importer(815301076,1909f56bfc062723c751e8b465ee728b)  -> (artifact id: 'a83f623dd5f635b1668eed0295fb5204') in 0.013541 seconds 
  Import took 0.021379 seconds .

========================================================================
Received Import Request.
  Time since last request: 8.374594 seconds.
  path: Assets/FX/JMO Assets/Materials/CFX_Smoke_4frms.mat
  artifactKey: Guid(3217b570b11b257469c5461f0457e5d4) Importer(815301076,1909f56bfc062723c751e8b465ee728b)
Start importing Assets/FX/JMO Assets/Materials/CFX_Smoke_4frms.mat using Guid(3217b570b11b257469c5461f0457e5d4) Importer(815301076,1909f56bfc062723c751e8b465ee728b)  -> (artifact id: '3b83c0d92a26269795f8437170b8056b') in 0.248421 seconds 
  Import took 0.256151 seconds .

========================================================================
Received Prepare
Registering precompiled user dll's ...
Registered in 0.010993 seconds.
Begin MonoManager ReloadAssembly
Native extension for WindowsStandalone target not found
Refreshing native plugins compatible for Editor in 0.83 ms, found 2 plugins.
Preloading 0 native plugins for Editor in 0.00 ms.
Mono: successfully reloaded assembly
- Completed reload, in  2.559 seconds
Platform modules already initialized, skipping
Refreshing native plugins compatible for Editor in 0.80 ms, found 2 plugins.
Preloading 0 native plugins for Editor in 0.00 ms.
Unloading 1389 Unused Serialized files (Serialized files now loaded: 0)
System memory in use before: 68.2 MB.
System memory in use after: 68.3 MB.

Unloading 14 unused Assets to reduce memory usage. Loaded Objects now: 1873.
Total: 4.823500 ms (FindLiveObjects: 0.327100 ms CreateObjectMapping: 0.130800 ms MarkObjects: 4.242700 ms  DeleteObjects: 0.119900 ms)

AssetImportParameters requested are different than current active one (requested -> active):
  custom:framework-win-MediaFoundation: 216162199b28c13a410421893ffa2e32 -> 
  custom:video-decoder-ogg-theora: a1e56fd34408186e4bbccfd4996cb3dc -> 
  custom:container-muxer-webm: aa71ff27fc2769a1b78a27578f13a17b -> 
  custom:container-demuxer-webm: 4f35f7cbe854078d1ac9338744f61a02 -> 
  custom:container-demuxer-ogg: 62fdf1f143b41e24485cea50d1cbac27 -> 
  custom:video-encoder-webm-vp8: eb34c28f22e8b96e1ab97ce403110664 -> 
  custom:video-decoder-webm-vp8: 9c59270c3fd7afecdb556c50c9e8de78 -> 
  custom:audio-decoder-ogg-vorbis: bf7c407c2cedff20999df2af8eb42d56 -> 
  custom:audio-encoder-webm-vorbis: bf7c407c2cedff20999df2af8eb42d56 -> 
========================================================================
Received Import Request.
  Time since last request: 176.246859 seconds.
  path: ProjectSettings/TagManager.asset
  artifactKey: Guid(00000000000000003000000000000000) Importer(815301076,1909f56bfc062723c751e8b465ee728b)
Start importing ProjectSettings/TagManager.asset using Guid(00000000000000003000000000000000) Importer(815301076,1909f56bfc062723c751e8b465ee728b)  -> (artifact id: 'ce6a35c3cddc746e7501c0bd0ed6d4ce') in 0.039724 seconds 
  Import took 0.047077 seconds .

========================================================================
Received Import Request.
  Time since last request: 322.969183 seconds.
  path: Assets/Scripts/Animation.cs
  artifactKey: Guid(a67102701437a7d40a6211c9bd178167) Importer(815301076,1909f56bfc062723c751e8b465ee728b)
Start importing Assets/Scripts/Animation.cs using Guid(a67102701437a7d40a6211c9bd178167) Importer(815301076,1909f56bfc062723c751e8b465ee728b)  -> (artifact id: '60827f2c0c99e7e0b595e95536684bd2') in 0.026881 seconds 
  Import took 0.035374 seconds .

========================================================================
Received Import Request.
  Time since last request: 0.001825 seconds.
  path: Assets/Scripts/Animation.cs
  artifactKey: Guid(a67102701437a7d40a6211c9bd178167) Importer(815301076,1909f56bfc062723c751e8b465ee728b)
Start importing Assets/Scripts/Animation.cs using Guid(a67102701437a7d40a6211c9bd178167) Importer(815301076,1909f56bfc062723c751e8b465ee728b)  -> (artifact id: '60827f2c0c99e7e0b595e95536684bd2') in 0.005595 seconds 
  Import took 0.011803 seconds .

========================================================================
Received Import Request.
  Time since last request: 1638.321177 seconds.
  path: Assets/pickup.cs
  artifactKey: Guid(055b5fd05efad874fa810aceaa9a3615) Importer(815301076,1909f56bfc062723c751e8b465ee728b)
Start importing Assets/pickup.cs using Guid(055b5fd05efad874fa810aceaa9a3615) Importer(815301076,1909f56bfc062723c751e8b465ee728b)  -> (artifact id: 'a28d8cb95336a6c59f468043d8a27ad7') in 0.029927 seconds 
  Import took 0.038661 seconds .

========================================================================
Received Import Request.
  Time since last request: 0.004094 seconds.
  path: Assets/pickup.cs
  artifactKey: Guid(055b5fd05efad874fa810aceaa9a3615) Importer(815301076,1909f56bfc062723c751e8b465ee728b)
Start importing Assets/pickup.cs using Guid(055b5fd05efad874fa810aceaa9a3615) Importer(815301076,1909f56bfc062723c751e8b465ee728b)  -> (artifact id: 'a28d8cb95336a6c59f468043d8a27ad7') in 0.007592 seconds 
  Import took 0.015326 seconds .

========================================================================
Received Import Request.
  Time since last request: 1274.773157 seconds.
  path: Assets/pickup.cs
  artifactKey: Guid(055b5fd05efad874fa810aceaa9a3615) Importer(815301076,1909f56bfc062723c751e8b465ee728b)
Start importing Assets/pickup.cs using Guid(055b5fd05efad874fa810aceaa9a3615) Importer(815301076,1909f56bfc062723c751e8b465ee728b)  -> (artifact id: '56bb0868c542785d020b1f95f7bcb3d6') in 0.028196 seconds 
  Import took 0.037313 seconds .

========================================================================
Received Import Request.
  Time since last request: 0.003689 seconds.
  path: Assets/pickup.cs
  artifactKey: Guid(055b5fd05efad874fa810aceaa9a3615) Importer(815301076,1909f56bfc062723c751e8b465ee728b)
Start importing Assets/pickup.cs using Guid(055b5fd05efad874fa810aceaa9a3615) Importer(815301076,1909f56bfc062723c751e8b465ee728b)  -> (artifact id: '56bb0868c542785d020b1f95f7bcb3d6') in 0.009160 seconds 
  Import took 0.017254 seconds .

========================================================================
Received Import Request.
  Time since last request: 187.922048 seconds.
  path: Assets/pickup.cs
  artifactKey: Guid(055b5fd05efad874fa810aceaa9a3615) Importer(815301076,1909f56bfc062723c751e8b465ee728b)
Start importing Assets/pickup.cs using Guid(055b5fd05efad874fa810aceaa9a3615) Importer(815301076,1909f56bfc062723c751e8b465ee728b)  -> (artifact id: 'eff86b90d5a078d4185f812ed6ba54c3') in 0.009034 seconds 
  Import took 0.018161 seconds .

========================================================================
Received Import Request.
  Time since last request: 7.003953 seconds.
  path: Assets/Pickups.cs
  artifactKey: Guid(055b5fd05efad874fa810aceaa9a3615) Importer(815301076,1909f56bfc062723c751e8b465ee728b)
Start importing Assets/Pickups.cs using Guid(055b5fd05efad874fa810aceaa9a3615) Importer(815301076,1909f56bfc062723c751e8b465ee728b)  -> (artifact id: '788a6980fa35e7b1f8161613db5c12b9') in 0.029438 seconds 
  Import took 0.048847 seconds .

========================================================================
Received Import Request.
  Time since last request: 0.019224 seconds.
  path: Assets/Pickups.cs
  artifactKey: Guid(055b5fd05efad874fa810aceaa9a3615) Importer(815301076,1909f56bfc062723c751e8b465ee728b)
Start importing Assets/Pickups.cs using Guid(055b5fd05efad874fa810aceaa9a3615) Importer(815301076,1909f56bfc062723c751e8b465ee728b)  -> (artifact id: '788a6980fa35e7b1f8161613db5c12b9') in 0.010747 seconds 
  Import took 0.026011 seconds .

========================================================================
Received Import Request.
  Time since last request: 238.073089 seconds.
  path: Assets/pickup.cs
  artifactKey: Guid(392f58b692844ef48a12707d2a600b9f) Importer(815301076,1909f56bfc062723c751e8b465ee728b)
Start importing Assets/pickup.cs using Guid(392f58b692844ef48a12707d2a600b9f) Importer(815301076,1909f56bfc062723c751e8b465ee728b)  -> (artifact id: '5f4c270543a7f7d07750749f1d86e3f6') in 0.007009 seconds 
  Import took 0.020295 seconds .

========================================================================
Received Import Request.
  Time since last request: 0.012159 seconds.
  path: Assets/pickup.cs
  artifactKey: Guid(392f58b692844ef48a12707d2a600b9f) Importer(815301076,1909f56bfc062723c751e8b465ee728b)
Start importing Assets/pickup.cs using Guid(392f58b692844ef48a12707d2a600b9f) Importer(815301076,1909f56bfc062723c751e8b465ee728b)  -> (artifact id: '5f4c270543a7f7d07750749f1d86e3f6') in 0.006765 seconds 
  Import took 0.012977 seconds .

========================================================================
Received Prepare
Registering precompiled user dll's ...
Registered in 0.009144 seconds.
Begin MonoManager ReloadAssembly
Native extension for WindowsStandalone target not found
Refreshing native plugins compatible for Editor in 0.79 ms, found 2 plugins.
Preloading 0 native plugins for Editor in 0.00 ms.
Mono: successfully reloaded assembly
- Completed reload, in  2.587 seconds
Platform modules already initialized, skipping
Refreshing native plugins compatible for Editor in 0.78 ms, found 2 plugins.
Preloading 0 native plugins for Editor in 0.00 ms.
Unloading 1389 Unused Serialized files (Serialized files now loaded: 0)
System memory in use before: 68.3 MB.
System memory in use after: 68.3 MB.

Unloading 16 unused Assets to reduce memory usage. Loaded Objects now: 1876.
Total: 4.935400 ms (FindLiveObjects: 0.363700 ms CreateObjectMapping: 0.113400 ms MarkObjects: 4.246900 ms  DeleteObjects: 0.207300 ms)

AssetImportParameters requested are different than current active one (requested -> active):
  custom:framework-win-MediaFoundation: 216162199b28c13a410421893ffa2e32 -> 
  custom:video-decoder-ogg-theora: a1e56fd34408186e4bbccfd4996cb3dc -> 
  custom:container-muxer-webm: aa71ff27fc2769a1b78a27578f13a17b -> 
  custom:container-demuxer-webm: 4f35f7cbe854078d1ac9338744f61a02 -> 
  custom:container-demuxer-ogg: 62fdf1f143b41e24485cea50d1cbac27 -> 
  custom:video-encoder-webm-vp8: eb34c28f22e8b96e1ab97ce403110664 -> 
  custom:video-decoder-webm-vp8: 9c59270c3fd7afecdb556c50c9e8de78 -> 
  custom:audio-decoder-ogg-vorbis: bf7c407c2cedff20999df2af8eb42d56 -> 
  custom:audio-encoder-webm-vorbis: bf7c407c2cedff20999df2af8eb42d56 -> 
========================================================================
Received Prepare
Registering precompiled user dll's ...
Registered in 0.009700 seconds.
Begin MonoManager ReloadAssembly
Native extension for WindowsStandalone target not found
Refreshing native plugins compatible for Editor in 1.31 ms, found 2 plugins.
Preloading 0 native plugins for Editor in 0.00 ms.
Mono: successfully reloaded assembly
- Completed reload, in  2.754 seconds
Platform modules already initialized, skipping
Refreshing native plugins compatible for Editor in 0.98 ms, found 2 plugins.
Preloading 0 native plugins for Editor in 0.00 ms.
Unloading 1389 Unused Serialized files (Serialized files now loaded: 0)
System memory in use before: 68.3 MB.
System memory in use after: 68.4 MB.

Unloading 14 unused Assets to reduce memory usage. Loaded Objects now: 1879.
Total: 4.195300 ms (FindLiveObjects: 0.322600 ms CreateObjectMapping: 0.110500 ms MarkObjects: 3.572500 ms  DeleteObjects: 0.186100 ms)

AssetImportParameters requested are different than current active one (requested -> active):
  custom:framework-win-MediaFoundation: 216162199b28c13a410421893ffa2e32 -> 
  custom:video-decoder-ogg-theora: a1e56fd34408186e4bbccfd4996cb3dc -> 
  custom:container-muxer-webm: aa71ff27fc2769a1b78a27578f13a17b -> 
  custom:container-demuxer-webm: 4f35f7cbe854078d1ac9338744f61a02 -> 
  custom:container-demuxer-ogg: 62fdf1f143b41e24485cea50d1cbac27 -> 
  custom:video-encoder-webm-vp8: eb34c28f22e8b96e1ab97ce403110664 -> 
  custom:video-decoder-webm-vp8: 9c59270c3fd7afecdb556c50c9e8de78 -> 
  custom:audio-decoder-ogg-vorbis: bf7c407c2cedff20999df2af8eb42d56 -> 
  custom:audio-encoder-webm-vorbis: bf7c407c2cedff20999df2af8eb42d56 -> 
========================================================================
Received Prepare
Registering precompiled user dll's ...
Registered in 0.008216 seconds.
Begin MonoManager ReloadAssembly
Native extension for WindowsStandalone target not found
Refreshing native plugins compatible for Editor in 0.79 ms, found 2 plugins.
Preloading 0 native plugins for Editor in 0.00 ms.
Mono: successfully reloaded assembly
- Completed reload, in  2.539 seconds
Platform modules already initialized, skipping
Refreshing native plugins compatible for Editor in 1.04 ms, found 2 plugins.
Preloading 0 native plugins for Editor in 0.00 ms.
Unloading 1389 Unused Serialized files (Serialized files now loaded: 0)
System memory in use before: 68.3 MB.
System memory in use after: 68.4 MB.

Unloading 14 unused Assets to reduce memory usage. Loaded Objects now: 1882.
Total: 4.802000 ms (FindLiveObjects: 0.627400 ms CreateObjectMapping: 0.117200 ms MarkObjects: 3.913800 ms  DeleteObjects: 0.140100 ms)

AssetImportParameters requested are different than current active one (requested -> active):
  custom:framework-win-MediaFoundation: 216162199b28c13a410421893ffa2e32 -> 
  custom:video-decoder-ogg-theora: a1e56fd34408186e4bbccfd4996cb3dc -> 
  custom:container-muxer-webm: aa71ff27fc2769a1b78a27578f13a17b -> 
  custom:container-demuxer-webm: 4f35f7cbe854078d1ac9338744f61a02 -> 
  custom:container-demuxer-ogg: 62fdf1f143b41e24485cea50d1cbac27 -> 
  custom:video-encoder-webm-vp8: eb34c28f22e8b96e1ab97ce403110664 -> 
  custom:video-decoder-webm-vp8: 9c59270c3fd7afecdb556c50c9e8de78 -> 
  custom:audio-decoder-ogg-vorbis: bf7c407c2cedff20999df2af8eb42d56 -> 
  custom:audio-encoder-webm-vorbis: bf7c407c2cedff20999df2af8eb42d56 -> 
========================================================================
Received Prepare
Registering precompiled user dll's ...
Registered in 0.008792 seconds.
Begin MonoManager ReloadAssembly
Native extension for WindowsStandalone target not found
Refreshing native plugins compatible for Editor in 1.11 ms, found 2 plugins.
Preloading 0 native plugins for Editor in 0.00 ms.
Mono: successfully reloaded assembly
- Completed reload, in  2.366 seconds
Platform modules already initialized, skipping
Refreshing native plugins compatible for Editor in 0.77 ms, found 2 plugins.
Preloading 0 native plugins for Editor in 0.00 ms.
Unloading 1389 Unused Serialized files (Serialized files now loaded: 0)
System memory in use before: 68.3 MB.
System memory in use after: 68.4 MB.

Unloading 14 unused Assets to reduce memory usage. Loaded Objects now: 1885.
Total: 4.426200 ms (FindLiveObjects: 0.318500 ms CreateObjectMapping: 0.107800 ms MarkObjects: 3.869400 ms  DeleteObjects: 0.126600 ms)

AssetImportParameters requested are different than current active one (requested -> active):
  custom:framework-win-MediaFoundation: 216162199b28c13a410421893ffa2e32 -> 
  custom:video-decoder-ogg-theora: a1e56fd34408186e4bbccfd4996cb3dc -> 
  custom:container-muxer-webm: aa71ff27fc2769a1b78a27578f13a17b -> 
  custom:container-demuxer-webm: 4f35f7cbe854078d1ac9338744f61a02 -> 
  custom:container-demuxer-ogg: 62fdf1f143b41e24485cea50d1cbac27 -> 
  custom:video-encoder-webm-vp8: eb34c28f22e8b96e1ab97ce403110664 -> 
  custom:video-decoder-webm-vp8: 9c59270c3fd7afecdb556c50c9e8de78 -> 
  custom:audio-decoder-ogg-vorbis: bf7c407c2cedff20999df2af8eb42d56 -> 
  custom:audio-encoder-webm-vorbis: bf7c407c2cedff20999df2af8eb42d56 -> 
========================================================================
Received Prepare
Registering precompiled user dll's ...
Registered in 0.008572 seconds.
Begin MonoManager ReloadAssembly
Native extension for WindowsStandalone target not found
Refreshing native plugins compatible for Editor in 0.78 ms, found 2 plugins.
Preloading 0 native plugins for Editor in 0.00 ms.
Mono: successfully reloaded assembly
- Completed reload, in  2.415 seconds
Platform modules already initialized, skipping
Refreshing native plugins compatible for Editor in 0.84 ms, found 2 plugins.
Preloading 0 native plugins for Editor in 0.00 ms.
Unloading 1389 Unused Serialized files (Serialized files now loaded: 0)
System memory in use before: 68.3 MB.
System memory in use after: 68.4 MB.

Unloading 14 unused Assets to reduce memory usage. Loaded Objects now: 1888.
Total: 4.655900 ms (FindLiveObjects: 0.524600 ms CreateObjectMapping: 0.110100 ms MarkObjects: 3.898300 ms  DeleteObjects: 0.119400 ms)

AssetImportParameters requested are different than current active one (requested -> active):
  custom:framework-win-MediaFoundation: 216162199b28c13a410421893ffa2e32 -> 
  custom:video-decoder-ogg-theora: a1e56fd34408186e4bbccfd4996cb3dc -> 
  custom:container-muxer-webm: aa71ff27fc2769a1b78a27578f13a17b -> 
  custom:container-demuxer-webm: 4f35f7cbe854078d1ac9338744f61a02 -> 
  custom:container-demuxer-ogg: 62fdf1f143b41e24485cea50d1cbac27 -> 
  custom:video-encoder-webm-vp8: eb34c28f22e8b96e1ab97ce403110664 -> 
  custom:video-decoder-webm-vp8: 9c59270c3fd7afecdb556c50c9e8de78 -> 
  custom:audio-decoder-ogg-vorbis: bf7c407c2cedff20999df2af8eb42d56 -> 
  custom:audio-encoder-webm-vorbis: bf7c407c2cedff20999df2af8eb42d56 -> 
========================================================================
Received Import Request.
  Time since last request: 318.063500 seconds.
  path: Assets/Scripts
  artifactKey: Guid(3233c9263bc718b48b0b538347880bc2) Importer(815301076,1909f56bfc062723c751e8b465ee728b)
Start importing Assets/Scripts using Guid(3233c9263bc718b48b0b538347880bc2) Importer(815301076,1909f56bfc062723c751e8b465ee728b)  -> (artifact id: 'b49e32a392f0f1ff4038419cf160da32') in 0.019907 seconds 
  Import took 0.032818 seconds .

========================================================================
Received Import Request.
  Time since last request: 0.013132 seconds.
  path: Assets/Scripts
  artifactKey: Guid(3233c9263bc718b48b0b538347880bc2) Importer(815301076,1909f56bfc062723c751e8b465ee728b)
Start importing Assets/Scripts using Guid(3233c9263bc718b48b0b538347880bc2) Importer(815301076,1909f56bfc062723c751e8b465ee728b)  -> (artifact id: 'b49e32a392f0f1ff4038419cf160da32') in 0.006588 seconds 
  Import took 0.012557 seconds .

========================================================================
Received Import Request.
  Time since last request: 2.579322 seconds.
  path: Assets/Scripts/pickup.cs
  artifactKey: Guid(392f58b692844ef48a12707d2a600b9f) Importer(815301076,1909f56bfc062723c751e8b465ee728b)
Start importing Assets/Scripts/pickup.cs using Guid(392f58b692844ef48a12707d2a600b9f) Importer(815301076,1909f56bfc062723c751e8b465ee728b)  -> (artifact id: '146022ed4e8913835e26e59a5a781022') in 0.006111 seconds 
  Import took 0.012339 seconds .

========================================================================
Received Import Request.
  Time since last request: 0.001107 seconds.
  path: Assets/Scripts/pickup.cs
  artifactKey: Guid(392f58b692844ef48a12707d2a600b9f) Importer(815301076,1909f56bfc062723c751e8b465ee728b)
Start importing Assets/Scripts/pickup.cs using Guid(392f58b692844ef48a12707d2a600b9f) Importer(815301076,1909f56bfc062723c751e8b465ee728b)  -> (artifact id: '146022ed4e8913835e26e59a5a781022') in 0.007384 seconds 
  Import took 0.013652 seconds .

========================================================================
Received Import Request.
  Time since last request: 78.965685 seconds.
  path: Assets/Scripts/DoorUnlocked.cs
  artifactKey: Guid(392f58b692844ef48a12707d2a600b9f) Importer(815301076,1909f56bfc062723c751e8b465ee728b)
Start importing Assets/Scripts/DoorUnlocked.cs using Guid(392f58b692844ef48a12707d2a600b9f) Importer(815301076,1909f56bfc062723c751e8b465ee728b)  -> (artifact id: '22529f02c20d82cd4ec9c2bf2fa859d8') in 0.069700 seconds 
  Import took 0.091780 seconds .

========================================================================
Received Prepare
Registering precompiled user dll's ...
Registered in 0.009332 seconds.
Begin MonoManager ReloadAssembly
Native extension for WindowsStandalone target not found
Refreshing native plugins compatible for Editor in 0.79 ms, found 2 plugins.
Preloading 0 native plugins for Editor in 0.00 ms.
Mono: successfully reloaded assembly
- Completed reload, in  2.369 seconds
Platform modules already initialized, skipping
Refreshing native plugins compatible for Editor in 0.82 ms, found 2 plugins.
Preloading 0 native plugins for Editor in 0.00 ms.
Unloading 1389 Unused Serialized files (Serialized files now loaded: 0)
System memory in use before: 68.3 MB.
System memory in use after: 68.4 MB.

Unloading 14 unused Assets to reduce memory usage. Loaded Objects now: 1891.
Total: 4.469400 ms (FindLiveObjects: 0.327300 ms CreateObjectMapping: 0.107600 ms MarkObjects: 3.910700 ms  DeleteObjects: 0.120400 ms)

AssetImportParameters requested are different than current active one (requested -> active):
  custom:framework-win-MediaFoundation: 216162199b28c13a410421893ffa2e32 -> 
  custom:video-decoder-ogg-theora: a1e56fd34408186e4bbccfd4996cb3dc -> 
  custom:container-muxer-webm: aa71ff27fc2769a1b78a27578f13a17b -> 
  custom:container-demuxer-webm: 4f35f7cbe854078d1ac9338744f61a02 -> 
  custom:container-demuxer-ogg: 62fdf1f143b41e24485cea50d1cbac27 -> 
  custom:video-encoder-webm-vp8: eb34c28f22e8b96e1ab97ce403110664 -> 
  custom:video-decoder-webm-vp8: 9c59270c3fd7afecdb556c50c9e8de78 -> 
  custom:audio-decoder-ogg-vorbis: bf7c407c2cedff20999df2af8eb42d56 -> 
  custom:audio-encoder-webm-vorbis: bf7c407c2cedff20999df2af8eb42d56 -> 
========================================================================
Received Import Request.
  Time since last request: 33.273683 seconds.
  path: Assets/Scripts/EndGame.cs
  artifactKey: Guid(cce201df2863c484699a245f108f7cd1) Importer(815301076,1909f56bfc062723c751e8b465ee728b)
Start importing Assets/Scripts/EndGame.cs using Guid(cce201df2863c484699a245f108f7cd1) Importer(815301076,1909f56bfc062723c751e8b465ee728b)  -> (artifact id: 'c44722cc74cd8471888cf99786ae4037') in 0.022826 seconds 
  Import took 0.034609 seconds .

========================================================================
Received Import Request.
  Time since last request: 2.322456 seconds.
  path: Assets/Scripts/CamFollow.cs
  artifactKey: Guid(e60137c32b7dbf74a9077c6010a53f3f) Importer(815301076,1909f56bfc062723c751e8b465ee728b)
Start importing Assets/Scripts/CamFollow.cs using Guid(e60137c32b7dbf74a9077c6010a53f3f) Importer(815301076,1909f56bfc062723c751e8b465ee728b)  -> (artifact id: '4b58d2db3c854e78366fb28bfb34f8e2') in 0.016700 seconds 
  Import took 0.023379 seconds .

========================================================================
Received Import Request.
  Time since last request: 0.003430 seconds.
  path: Assets/Scripts/CamFollow.cs
  artifactKey: Guid(e60137c32b7dbf74a9077c6010a53f3f) Importer(815301076,1909f56bfc062723c751e8b465ee728b)
Start importing Assets/Scripts/CamFollow.cs using Guid(e60137c32b7dbf74a9077c6010a53f3f) Importer(815301076,1909f56bfc062723c751e8b465ee728b)  -> (artifact id: '4b58d2db3c854e78366fb28bfb34f8e2') in 0.006026 seconds 
  Import took 0.011390 seconds .

========================================================================
Received Prepare
Registering precompiled user dll's ...
Registered in 0.010737 seconds.
Begin MonoManager ReloadAssembly
Native extension for WindowsStandalone target not found
Refreshing native plugins compatible for Editor in 0.86 ms, found 2 plugins.
Preloading 0 native plugins for Editor in 0.00 ms.
Mono: successfully reloaded assembly
- Completed reload, in  2.463 seconds
Platform modules already initialized, skipping
Refreshing native plugins compatible for Editor in 0.76 ms, found 2 plugins.
Preloading 0 native plugins for Editor in 0.00 ms.
Unloading 1389 Unused Serialized files (Serialized files now loaded: 0)
System memory in use before: 68.3 MB.
System memory in use after: 68.4 MB.

Unloading 14 unused Assets to reduce memory usage. Loaded Objects now: 1894.
Total: 4.556700 ms (FindLiveObjects: 0.348200 ms CreateObjectMapping: 0.107300 ms MarkObjects: 3.965900 ms  DeleteObjects: 0.131600 ms)

AssetImportParameters requested are different than current active one (requested -> active):
  custom:framework-win-MediaFoundation: 216162199b28c13a410421893ffa2e32 -> 
  custom:video-decoder-ogg-theora: a1e56fd34408186e4bbccfd4996cb3dc -> 
  custom:container-muxer-webm: aa71ff27fc2769a1b78a27578f13a17b -> 
  custom:container-demuxer-webm: 4f35f7cbe854078d1ac9338744f61a02 -> 
  custom:container-demuxer-ogg: 62fdf1f143b41e24485cea50d1cbac27 -> 
  custom:video-encoder-webm-vp8: eb34c28f22e8b96e1ab97ce403110664 -> 
  custom:video-decoder-webm-vp8: 9c59270c3fd7afecdb556c50c9e8de78 -> 
  custom:audio-decoder-ogg-vorbis: bf7c407c2cedff20999df2af8eb42d56 -> 
  custom:audio-encoder-webm-vorbis: bf7c407c2cedff20999df2af8eb42d56 -> 
========================================================================
Received Prepare
Registering precompiled user dll's ...
Registered in 0.012009 seconds.
Begin MonoManager ReloadAssembly
Native extension for WindowsStandalone target not found
Refreshing native plugins compatible for Editor in 0.81 ms, found 2 plugins.
Preloading 0 native plugins for Editor in 0.00 ms.
Mono: successfully reloaded assembly
- Completed reload, in  2.438 seconds
Platform modules already initialized, skipping
Refreshing native plugins compatible for Editor in 0.77 ms, found 2 plugins.
Preloading 0 native plugins for Editor in 0.00 ms.
Unloading 1389 Unused Serialized files (Serialized files now loaded: 0)
System memory in use before: 68.3 MB.
System memory in use after: 68.4 MB.

Unloading 14 unused Assets to reduce memory usage. Loaded Objects now: 1897.
Total: 4.628700 ms (FindLiveObjects: 0.320200 ms CreateObjectMapping: 0.107600 ms MarkObjects: 4.072600 ms  DeleteObjects: 0.124800 ms)

AssetImportParameters requested are different than current active one (requested -> active):
  custom:framework-win-MediaFoundation: 216162199b28c13a410421893ffa2e32 -> 
  custom:video-decoder-ogg-theora: a1e56fd34408186e4bbccfd4996cb3dc -> 
  custom:container-muxer-webm: aa71ff27fc2769a1b78a27578f13a17b -> 
  custom:container-demuxer-webm: 4f35f7cbe854078d1ac9338744f61a02 -> 
  custom:container-demuxer-ogg: 62fdf1f143b41e24485cea50d1cbac27 -> 
  custom:video-encoder-webm-vp8: eb34c28f22e8b96e1ab97ce403110664 -> 
  custom:video-decoder-webm-vp8: 9c59270c3fd7afecdb556c50c9e8de78 -> 
  custom:audio-decoder-ogg-vorbis: bf7c407c2cedff20999df2af8eb42d56 -> 
  custom:audio-encoder-webm-vorbis: bf7c407c2cedff20999df2af8eb42d56 -> 
========================================================================
Received Prepare
Registering precompiled user dll's ...
Registered in 0.011780 seconds.
Begin MonoManager ReloadAssembly
Native extension for WindowsStandalone target not found
Refreshing native plugins compatible for Editor in 0.79 ms, found 2 plugins.
Preloading 0 native plugins for Editor in 0.00 ms.
Mono: successfully reloaded assembly
- Completed reload, in  2.412 seconds
Platform modules already initialized, skipping
Refreshing native plugins compatible for Editor in 0.78 ms, found 2 plugins.
Preloading 0 native plugins for Editor in 0.00 ms.
Unloading 1389 Unused Serialized files (Serialized files now loaded: 0)
System memory in use before: 68.3 MB.
System memory in use after: 68.4 MB.

Unloading 14 unused Assets to reduce memory usage. Loaded Objects now: 1900.
Total: 4.561300 ms (FindLiveObjects: 0.328200 ms CreateObjectMapping: 0.108300 ms MarkObjects: 3.997500 ms  DeleteObjects: 0.123500 ms)

AssetImportParameters requested are different than current active one (requested -> active):
  custom:framework-win-MediaFoundation: 216162199b28c13a410421893ffa2e32 -> 
  custom:video-decoder-ogg-theora: a1e56fd34408186e4bbccfd4996cb3dc -> 
  custom:container-muxer-webm: aa71ff27fc2769a1b78a27578f13a17b -> 
  custom:container-demuxer-webm: 4f35f7cbe854078d1ac9338744f61a02 -> 
  custom:container-demuxer-ogg: 62fdf1f143b41e24485cea50d1cbac27 -> 
  custom:video-encoder-webm-vp8: eb34c28f22e8b96e1ab97ce403110664 -> 
  custom:video-decoder-webm-vp8: 9c59270c3fd7afecdb556c50c9e8de78 -> 
  custom:audio-decoder-ogg-vorbis: bf7c407c2cedff20999df2af8eb42d56 -> 
  custom:audio-encoder-webm-vorbis: bf7c407c2cedff20999df2af8eb42d56 -> 
========================================================================
Received Import Request.
  Time since last request: 320.962986 seconds.
  path: Assets/Materials/Codey.mat
  artifactKey: Guid(21f49ebcdc6a517468f34e74c0c814d0) Importer(815301076,1909f56bfc062723c751e8b465ee728b)
Start importing Assets/Materials/Codey.mat using Guid(21f49ebcdc6a517468f34e74c0c814d0) Importer(815301076,1909f56bfc062723c751e8b465ee728b)  -> (artifact id: '8b344cda76b6e793832e5eb2c4d63d84') in 0.200833 seconds 
  Import took 0.207656 seconds .

========================================================================
Received Import Request.
  Time since last request: 0.016137 seconds.
  path: Assets/Materials/brick.mat
  artifactKey: Guid(7c9be04cfc1f1404eab96470a123529b) Importer(815301076,1909f56bfc062723c751e8b465ee728b)
Start importing Assets/Materials/brick.mat using Guid(7c9be04cfc1f1404eab96470a123529b) Importer(815301076,1909f56bfc062723c751e8b465ee728b)  -> (artifact id: '945cdfde937b7e6504b8e02cd389cca5') in 0.043644 seconds 
  Import took 0.049431 seconds .

========================================================================
Received Import Request.
  Time since last request: 0.014772 seconds.
  path: Assets/FX/JMO Assets/Materials/CFX_Star Add.mat
  artifactKey: Guid(28bd8c3c14d3f214da37557b91e0fa5d) Importer(815301076,1909f56bfc062723c751e8b465ee728b)
Start importing Assets/FX/JMO Assets/Materials/CFX_Star Add.mat using Guid(28bd8c3c14d3f214da37557b91e0fa5d) Importer(815301076,1909f56bfc062723c751e8b465ee728b)  -> (artifact id: '26516f566d3fcdabf629423d770f360f') in 0.102186 seconds 
  Import took 0.107189 seconds .

========================================================================
Received Import Request.
  Time since last request: 0.014084 seconds.
  path: Assets/Scripts/PlayerMovement.cs
  artifactKey: Guid(1120089896e2ea74cacec8cefe876c0e) Importer(815301076,1909f56bfc062723c751e8b465ee728b)
Start importing Assets/Scripts/PlayerMovement.cs using Guid(1120089896e2ea74cacec8cefe876c0e) Importer(815301076,1909f56bfc062723c751e8b465ee728b)  -> (artifact id: 'f6f12ba7ada2dfbbbc6a28dd6bdb1a94') in 0.012363 seconds 
  Import took 0.018563 seconds .

========================================================================
Received Import Request.
  Time since last request: 0.012800 seconds.
  path: Assets/Materials/CodeyTexture.jpg
  artifactKey: Guid(b3b0e444b4e2b1342a1ba4615b0b97fa) Importer(815301076,1909f56bfc062723c751e8b465ee728b)
Start importing Assets/Materials/CodeyTexture.jpg using Guid(b3b0e444b4e2b1342a1ba4615b0b97fa) Importer(815301076,1909f56bfc062723c751e8b465ee728b)  -> (artifact id: 'eb81075c3bb4b73c831190961524a56f') in 0.106609 seconds 
  Import took 0.111553 seconds .

========================================================================
Received Import Request.
  Time since last request: 0.014477 seconds.
  path: Assets/Materials/Coin.mat
  artifactKey: Guid(9bfa90ca525224048ac7a0384f83dd6d) Importer(815301076,1909f56bfc062723c751e8b465ee728b)
Start importing Assets/Materials/Coin.mat using Guid(9bfa90ca525224048ac7a0384f83dd6d) Importer(815301076,1909f56bfc062723c751e8b465ee728b)  -> (artifact id: '47ff1984610629e3c2778b5899435b83') in 0.214019 seconds 
  Import took 0.219138 seconds .

========================================================================
Received Import Request.
  Time since last request: 0.009137 seconds.
  path: Assets/Prefabs
  artifactKey: Guid(3ec49ee9e35fa2b4cbf41c270b2d2db5) Importer(815301076,1909f56bfc062723c751e8b465ee728b)
Start importing Assets/Prefabs using Guid(3ec49ee9e35fa2b4cbf41c270b2d2db5) Importer(815301076,1909f56bfc062723c751e8b465ee728b)  -> (artifact id: 'f363a766e4ea3976f47800d5f93812ee') in 0.013850 seconds 
  Import took 0.019346 seconds .

========================================================================
Received Import Request.
  Time since last request: 0.014350 seconds.
  path: Assets/Animations/Codey@idelPose.fbx
  artifactKey: Guid(e6ee5e2b4f423f84c8b0e4a087bed79b) Importer(815301076,1909f56bfc062723c751e8b465ee728b)
Start importing Assets/Animations/Codey@idelPose.fbx using Guid(e6ee5e2b4f423f84c8b0e4a087bed79b) Importer(815301076,1909f56bfc062723c751e8b465ee728b)  -> (artifact id: 'c08cb2dabe6743ecd52d86d6080f3107') in 0.050941 seconds 
  Import took 0.056448 seconds .

========================================================================
Received Import Request.
  Time since last request: 0.007775 seconds.
  path: Assets/Models
  artifactKey: Guid(5e44e8b7909f9094b88eafb033aa6269) Importer(815301076,1909f56bfc062723c751e8b465ee728b)
Start importing Assets/Models using Guid(5e44e8b7909f9094b88eafb033aa6269) Importer(815301076,1909f56bfc062723c751e8b465ee728b)  -> (artifact id: 'c00a14efd33ebc78ecb3fdb9f20aa1b2') in 0.012315 seconds 
  Import took 0.017251 seconds .

========================================================================
Received Import Request.
  Time since last request: 0.012722 seconds.
  path: Assets/Models/castleWall-long.fbx
  artifactKey: Guid(c15aea4a3030755499caa82746d6cb46) Importer(815301076,1909f56bfc062723c751e8b465ee728b)
Start importing Assets/Models/castleWall-long.fbx using Guid(c15aea4a3030755499caa82746d6cb46) Importer(815301076,1909f56bfc062723c751e8b465ee728b)  -> (artifact id: '84a9e8ed01c1ab49ad9663b1bb922f53') in 0.716232 seconds 
  Import took 0.722535 seconds .

========================================================================
Received Import Request.
  Time since last request: 0.027538 seconds.
  path: Assets/Materials/sandstone.mat
  artifactKey: Guid(cbb0d6e64be7e194ba35d276d7113443) Importer(815301076,1909f56bfc062723c751e8b465ee728b)
Start importing Assets/Materials/sandstone.mat using Guid(cbb0d6e64be7e194ba35d276d7113443) Importer(815301076,1909f56bfc062723c751e8b465ee728b)  -> (artifact id: 'bf6a2ef9778d645b1d911adbf6cf7654') in 0.041820 seconds 
  Import took 0.046975 seconds .

========================================================================
Received Import Request.
  Time since last request: 0.014594 seconds.
  path: Assets/Materials/wood.mat
  artifactKey: Guid(9fc950930f212e748ab51c2e5c999f9d) Importer(815301076,1909f56bfc062723c751e8b465ee728b)
Start importing Assets/Materials/wood.mat using Guid(9fc950930f212e748ab51c2e5c999f9d) Importer(815301076,1909f56bfc062723c751e8b465ee728b)  -> (artifact id: 'c3aa4f6275b907005b310e132eb98739') in 0.035009 seconds 
  Import took 0.040116 seconds .

========================================================================
Received Import Request.
  Time since last request: 0.014461 seconds.
  path: Assets/Models/Codey.fbx
  artifactKey: Guid(a656d097d5ac93b4cabeb8a33bbe1bca) Importer(815301076,1909f56bfc062723c751e8b465ee728b)
Start importing Assets/Models/Codey.fbx using Guid(a656d097d5ac93b4cabeb8a33bbe1bca) Importer(815301076,1909f56bfc062723c751e8b465ee728b)  -> (artifact id: '9b12281ab61e522ad14d42cd7c75af3f') in 0.441636 seconds 
  Import took 0.448580 seconds .

========================================================================
Received Import Request.
  Time since last request: 0.014429 seconds.
  path: Assets/FX/JMO Assets/Materials/Textures/CFX_T_Anim4_RoundedLines.png
  artifactKey: Guid(7987b6791dff098469332588914e2c84) Importer(815301076,1909f56bfc062723c751e8b465ee728b)
Start importing Assets/FX/JMO Assets/Materials/Textures/CFX_T_Anim4_RoundedLines.png using Guid(7987b6791dff098469332588914e2c84) Importer(815301076,1909f56bfc062723c751e8b465ee728b)  -> (artifact id: '604ae5f6b994c25bd65ddab237d440a9') in 0.027957 seconds 
  Import took 0.032978 seconds .

========================================================================
Received Import Request.
  Time since last request: 0.015260 seconds.
  path: Assets/Scenes/SampleScene.unity
  artifactKey: Guid(9fc0d4010bbf28b4594072e72b8655ab) Importer(815301076,1909f56bfc062723c751e8b465ee728b)
Start importing Assets/Scenes/SampleScene.unity using Guid(9fc0d4010bbf28b4594072e72b8655ab) Importer(815301076,1909f56bfc062723c751e8b465ee728b)  -> (artifact id: '85059f4f9e1a832ed95adaa0d25c5c4c') in 0.013198 seconds 
  Import took 0.018358 seconds .

========================================================================
Received Import Request.
  Time since last request: 0.013582 seconds.
  path: Assets/Models/castleTurret.fbx
  artifactKey: Guid(863bc32fd25b7a245aeed002aba5b844) Importer(815301076,1909f56bfc062723c751e8b465ee728b)
Start importing Assets/Models/castleTurret.fbx using Guid(863bc32fd25b7a245aeed002aba5b844) Importer(815301076,1909f56bfc062723c751e8b465ee728b)  -> (artifact id: '7c6db37ea720f1b40a6426a7ea6eb202') in 0.065235 seconds 
  Import took 0.070302 seconds .

========================================================================
Received Import Request.
  Time since last request: 0.014440 seconds.
  path: Assets/Models/castleWall-short.fbx
  artifactKey: Guid(1a3e3b7e3e65ab74b85d4b467c829b59) Importer(815301076,1909f56bfc062723c751e8b465ee728b)
Start importing Assets/Models/castleWall-short.fbx using Guid(1a3e3b7e3e65ab74b85d4b467c829b59) Importer(815301076,1909f56bfc062723c751e8b465ee728b)  -> (artifact id: 'd0eb14727ee540477a8847b201d575cc') in 0.066269 seconds 
  Import took 0.071555 seconds .

========================================================================
Received Import Request.
  Time since last request: 0.014612 seconds.
  path: Assets/FX/JMO Assets/Materials/Textures/CFX_T_Star.tga
  artifactKey: Guid(95b22be2b746dff46a95032d1620aae1) Importer(815301076,1909f56bfc062723c751e8b465ee728b)
Start importing Assets/FX/JMO Assets/Materials/Textures/CFX_T_Star.tga using Guid(95b22be2b746dff46a95032d1620aae1) Importer(815301076,1909f56bfc062723c751e8b465ee728b)  -> (artifact id: '5dddc134e77a08d28fbcc4f9c4dddee2') in 0.027004 seconds 
  Import took 0.032938 seconds .

========================================================================
Received Import Request.
  Time since last request: 0.009713 seconds.
  path: Assets/FX/JMO Assets
  artifactKey: Guid(794f2779a2e674f4f854bb41b18ddfc0) Importer(815301076,1909f56bfc062723c751e8b465ee728b)
Start importing Assets/FX/JMO Assets using Guid(794f2779a2e674f4f854bb41b18ddfc0) Importer(815301076,1909f56bfc062723c751e8b465ee728b)  -> (artifact id: 'b680788606b1a9e38281844a8e40130c') in 0.012242 seconds 
  Import took 0.017069 seconds .

========================================================================
Received Import Request.
  Time since last request: 0.012218 seconds.
  path: Assets/Animations/CodyController.controller
  artifactKey: Guid(61bdb146442ca6943aa108c656c556ff) Importer(815301076,1909f56bfc062723c751e8b465ee728b)
Start importing Assets/Animations/CodyController.controller using Guid(61bdb146442ca6943aa108c656c556ff) Importer(815301076,1909f56bfc062723c751e8b465ee728b)  -> (artifact id: '50e6b2ec17d936adf84fc0aa6f4c351f') in 0.023322 seconds 
  Import took 0.028827 seconds .

========================================================================
Received Import Request.
  Time since last request: 0.008174 seconds.
  path: Assets/Animations
  artifactKey: Guid(1aee99c9d6bfe5e4e88655bbc7f8619a) Importer(815301076,1909f56bfc062723c751e8b465ee728b)
Start importing Assets/Animations using Guid(1aee99c9d6bfe5e4e88655bbc7f8619a) Importer(815301076,1909f56bfc062723c751e8b465ee728b)  -> (artifact id: '519beb2149eddbfce73d0d3807c549bd') in 0.012439 seconds 
  Import took 0.017540 seconds .

========================================================================
Received Import Request.
  Time since last request: 0.012623 seconds.
  path: Assets/FX/JMO Assets/Materials/CFX_Anim_Poof_AddSoft.mat
  artifactKey: Guid(74a6f6cd13c058a43858627e5383715e) Importer(815301076,1909f56bfc062723c751e8b465ee728b)
Start importing Assets/FX/JMO Assets/Materials/CFX_Anim_Poof_AddSoft.mat using Guid(74a6f6cd13c058a43858627e5383715e) Importer(815301076,1909f56bfc062723c751e8b465ee728b)  -> (artifact id: 'cfe00119a33b9596ed1e49519db9ffe5') in 0.080850 seconds 
  Import took 0.085892 seconds .

========================================================================
Received Import Request.
  Time since last request: 0.014708 seconds.
  path: Assets/Scripts/DoorUnlocked.cs
  artifactKey: Guid(392f58b692844ef48a12707d2a600b9f) Importer(815301076,1909f56bfc062723c751e8b465ee728b)
Start importing Assets/Scripts/DoorUnlocked.cs using Guid(392f58b692844ef48a12707d2a600b9f) Importer(815301076,1909f56bfc062723c751e8b465ee728b)  -> (artifact id: 'bddbaf471405860ee47445845d403644') in 0.004272 seconds 
  Import took 0.009755 seconds .

========================================================================
Received Import Request.
  Time since last request: 0.022432 seconds.
  path: Assets/FX
  artifactKey: Guid(050b89438619ab147a8c3ebe0aaec055) Importer(815301076,1909f56bfc062723c751e8b465ee728b)
Start importing Assets/FX using Guid(050b89438619ab147a8c3ebe0aaec055) Importer(815301076,1909f56bfc062723c751e8b465ee728b)  -> (artifact id: '89b801e672450d4e960bff1de83d948b') in 0.012596 seconds 
  Import took 0.018273 seconds .

========================================================================
Received Import Request.
  Time since last request: 0.008512 seconds.
  path: Assets/FX/JMO Assets/Materials
  artifactKey: Guid(1b2e8b4034e02a44fa55a6d381d7d2f9) Importer(815301076,1909f56bfc062723c751e8b465ee728b)
Start importing Assets/FX/JMO Assets/Materials using Guid(1b2e8b4034e02a44fa55a6d381d7d2f9) Importer(815301076,1909f56bfc062723c751e8b465ee728b)  -> (artifact id: '76e89f38d48a08ece8706fdbbf5ba345') in 0.012081 seconds 
  Import took 0.019136 seconds .

========================================================================
Received Import Request.
  Time since last request: 0.015793 seconds.
  path: Assets/FX/JMO Assets/Materials/Textures/CFX_T_Smoke_4Frames.tga
  artifactKey: Guid(3d70761f9ae377945a3aad2a3936df5e) Importer(815301076,1909f56bfc062723c751e8b465ee728b)
Start importing Assets/FX/JMO Assets/Materials/Textures/CFX_T_Smoke_4Frames.tga using Guid(3d70761f9ae377945a3aad2a3936df5e) Importer(815301076,1909f56bfc062723c751e8b465ee728b)  -> (artifact id: 'e908df3c9d2dcd1b64ddd7cdfbd3e0ad') in 0.024059 seconds 
  Import took 0.029480 seconds .

========================================================================
Received Import Request.
  Time since last request: 0.013252 seconds.
  path: Assets/Models/castleWall-middle.fbx
  artifactKey: Guid(e57d1c60b513e664d9d93a5aa8fc5473) Importer(815301076,1909f56bfc062723c751e8b465ee728b)
Start importing Assets/Models/castleWall-middle.fbx using Guid(e57d1c60b513e664d9d93a5aa8fc5473) Importer(815301076,1909f56bfc062723c751e8b465ee728b)  -> (artifact id: '3faea32fe542c39e112ab0b942019c14') in 0.068303 seconds 
  Import took 0.074638 seconds .

========================================================================
Received Import Request.
  Time since last request: 0.025094 seconds.
  path: Assets/FX/JMO Assets/Materials/CFX_YellowStar.mat
  artifactKey: Guid(26c880ce3c053d04982d2c8e435fdb95) Importer(815301076,1909f56bfc062723c751e8b465ee728b)
Start importing Assets/FX/JMO Assets/Materials/CFX_YellowStar.mat using Guid(26c880ce3c053d04982d2c8e435fdb95) Importer(815301076,1909f56bfc062723c751e8b465ee728b)  -> (artifact id: '7660257a993cad8d9b7a1db76a4d785a') in 0.030163 seconds 
  Import took 0.035368 seconds .

========================================================================
Received Import Request.
  Time since last request: 0.039411 seconds.
  path: Assets/Scenes/FindTheExit.unity
  artifactKey: Guid(22c8553cd79e40b4c910741a9340f4c6) Importer(815301076,1909f56bfc062723c751e8b465ee728b)
Start importing Assets/Scenes/FindTheExit.unity using Guid(22c8553cd79e40b4c910741a9340f4c6) Importer(815301076,1909f56bfc062723c751e8b465ee728b)  -> (artifact id: '858e20a12dffaffc6dec6dfc332e4844') in 0.011908 seconds 
  Import took 0.016803 seconds .

========================================================================
Received Import Request.
  Time since last request: 0.012015 seconds.
  path: Assets/Models/coin.fbx
  artifactKey: Guid(0b09329add2288e46af3ab00bb4d1cc2) Importer(815301076,1909f56bfc062723c751e8b465ee728b)
Start importing Assets/Models/coin.fbx using Guid(0b09329add2288e46af3ab00bb4d1cc2) Importer(815301076,1909f56bfc062723c751e8b465ee728b)  -> (artifact id: '8831573d7400351ddb58179454307f5d') in 0.057559 seconds 
  Import took 0.063490 seconds .

========================================================================
Received Import Request.
  Time since last request: 0.024281 seconds.
  path: Assets/Scripts/Spin.cs
  artifactKey: Guid(d77aeb367eb084c4b8b7031ce7297529) Importer(815301076,1909f56bfc062723c751e8b465ee728b)
Start importing Assets/Scripts/Spin.cs using Guid(d77aeb367eb084c4b8b7031ce7297529) Importer(815301076,1909f56bfc062723c751e8b465ee728b)  -> (artifact id: '400fb160b266f13722e62ae4502f760d') in 0.012996 seconds 
  Import took 0.018929 seconds .

========================================================================
Received Import Request.
  Time since last request: 0.022960 seconds.
  path: Assets/Materials
  artifactKey: Guid(4842b02c7e7ca7a4a863002e79edec03) Importer(815301076,1909f56bfc062723c751e8b465ee728b)
Start importing Assets/Materials using Guid(4842b02c7e7ca7a4a863002e79edec03) Importer(815301076,1909f56bfc062723c751e8b465ee728b)  -> (artifact id: '3b98f8c45b68eb8af150cefd4741088c') in 0.007231 seconds 
  Import took 0.013109 seconds .

========================================================================
Received Import Request.
  Time since last request: 0.024995 seconds.
  path: Assets/Scripts/PlayerRotate.cs
  artifactKey: Guid(9995dadd18a4c1c4f9eef0c156198881) Importer(815301076,1909f56bfc062723c751e8b465ee728b)
Start importing Assets/Scripts/PlayerRotate.cs using Guid(9995dadd18a4c1c4f9eef0c156198881) Importer(815301076,1909f56bfc062723c751e8b465ee728b)  -> (artifact id: '3377cd26909fc076549c515405a356d5') in 0.012861 seconds 
  Import took 0.018616 seconds .

========================================================================
Received Import Request.
  Time since last request: 0.008456 seconds.
  path: Assets/FX/JMO Assets/Materials/Textures
  artifactKey: Guid(be11574018eb9cc4882e2d9ddb8c7926) Importer(815301076,1909f56bfc062723c751e8b465ee728b)
Start importing Assets/FX/JMO Assets/Materials/Textures using Guid(be11574018eb9cc4882e2d9ddb8c7926) Importer(815301076,1909f56bfc062723c751e8b465ee728b)  -> (artifact id: '051cf69d66611c93ae28389a28024029') in 0.013167 seconds 
  Import took 0.018787 seconds .

========================================================================
Received Import Request.
  Time since last request: 0.012547 seconds.
  path: Assets/Materials/Sky.mat
  artifactKey: Guid(a3efd15c37e1c4e4fb847f133d23d06d) Importer(815301076,1909f56bfc062723c751e8b465ee728b)
Start importing Assets/Materials/Sky.mat using Guid(a3efd15c37e1c4e4fb847f133d23d06d) Importer(815301076,1909f56bfc062723c751e8b465ee728b)  -> (artifact id: 'f920b9f9cad1e51fc89357f2553f0900') in 0.056812 seconds 
  Import took 0.061892 seconds .

========================================================================
Received Import Request.
  Time since last request: 0.018566 seconds.
  path: Assets/Materials/Grass.png
  artifactKey: Guid(3c1035af8075ff34bb1e8020eb178a79) Importer(815301076,1909f56bfc062723c751e8b465ee728b)
Start importing Assets/Materials/Grass.png using Guid(3c1035af8075ff34bb1e8020eb178a79) Importer(815301076,1909f56bfc062723c751e8b465ee728b)  -> (artifact id: '05e266637d84bb6165f7a93f8a76d9b9') in 0.035605 seconds 
  Import took 0.041317 seconds .

========================================================================
Received Import Request.
  Time since last request: 0.033197 seconds.
  path: Assets/Materials/blocks.png
  artifactKey: Guid(5d1930178b18e3d40a86dfbc72c6dbb5) Importer(815301076,1909f56bfc062723c751e8b465ee728b)
Start importing Assets/Materials/blocks.png using Guid(5d1930178b18e3d40a86dfbc72c6dbb5) Importer(815301076,1909f56bfc062723c751e8b465ee728b)  -> (artifact id: '7c0497a57a8b5bd63fdb5fd74d734b22') in 0.036470 seconds 
  Import took 0.042044 seconds .

========================================================================
Received Import Request.
  Time since last request: 0.016186 seconds.
  path: Assets/Materials/woodPanelText-test.png
  artifactKey: Guid(2980ae0c108130a438052b5b11da1292) Importer(815301076,1909f56bfc062723c751e8b465ee728b)
Start importing Assets/Materials/woodPanelText-test.png using Guid(2980ae0c108130a438052b5b11da1292) Importer(815301076,1909f56bfc062723c751e8b465ee728b)  -> (artifact id: '4f344566f17faa2673b1651c4a907ec8') in 0.033495 seconds 
  Import took 0.039127 seconds .

========================================================================
Received Import Request.
  Time since last request: 0.015420 seconds.
  path: Assets/FX/JMO Assets/Materials/Textures/CFX_T_Star Add.png
  artifactKey: Guid(df9dab791d4192b4694f9a442f64b18d) Importer(815301076,1909f56bfc062723c751e8b465ee728b)
Start importing Assets/FX/JMO Assets/Materials/Textures/CFX_T_Star Add.png using Guid(df9dab791d4192b4694f9a442f64b18d) Importer(815301076,1909f56bfc062723c751e8b465ee728b)  -> (artifact id: '2a3104241a06ecf36a302107c9bdd45d') in 0.024161 seconds 
  Import took 0.029199 seconds .

========================================================================
Received Import Request.
  Time since last request: 0.013930 seconds.
  path: Assets/Materials/grass.mat
  artifactKey: Guid(31ff13618ed5b9f4985d2505d3921702) Importer(815301076,1909f56bfc062723c751e8b465ee728b)
Start importing Assets/Materials/grass.mat using Guid(31ff13618ed5b9f4985d2505d3921702) Importer(815301076,1909f56bfc062723c751e8b465ee728b)  -> (artifact id: '37a050465a67579e37ec34b47cb070b3') in 0.032914 seconds 
  Import took 0.038590 seconds .

========================================================================
Received Import Request.
  Time since last request: 0.024001 seconds.
  path: Assets/Materials/sandstone.png
  artifactKey: Guid(2eb7abf283a54614d995d4fe1c533575) Importer(815301076,1909f56bfc062723c751e8b465ee728b)
Start importing Assets/Materials/sandstone.png using Guid(2eb7abf283a54614d995d4fe1c533575) Importer(815301076,1909f56bfc062723c751e8b465ee728b)  -> (artifact id: '0c5fcede848c7ca8c0a7aa16d66ef383') in 0.036007 seconds 
  Import took 0.041857 seconds .

========================================================================
Received Import Request.
  Time since last request: 0.014552 seconds.
  path: Assets/Animations/Codey@run.fbx
  artifactKey: Guid(c22be356be1efd3488ac6e73d74190b0) Importer(815301076,1909f56bfc062723c751e8b465ee728b)
Start importing Assets/Animations/Codey@run.fbx using Guid(c22be356be1efd3488ac6e73d74190b0) Importer(815301076,1909f56bfc062723c751e8b465ee728b)  -> (artifact id: '1ce0603f29f4004a474cb4b263efc224') in 0.021890 seconds 
  Import took 0.027398 seconds .

========================================================================
Received Import Request.
  Time since last request: 0.013284 seconds.
  path: Assets/Scripts/Timer.cs
  artifactKey: Guid(a00cdfcef1049a4438d62752da566967) Importer(815301076,1909f56bfc062723c751e8b465ee728b)
Start importing Assets/Scripts/Timer.cs using Guid(a00cdfcef1049a4438d62752da566967) Importer(815301076,1909f56bfc062723c751e8b465ee728b)  -> (artifact id: '43004354d67453b4ae1e5e22b5dbdeb3') in 0.014157 seconds 
  Import took 0.019243 seconds .

AssetImportWorkerClient::OnTransportError - code=2 error=End of file
